# JRE version: OpenJDK Runtime Environment Temurin-17.0.1+12 (17.0.1+12) (build 17.0.1+12)
# Java VM: OpenJDK 64-Bit Server VM Temurin-17.0.1+12 (17.0.1+12, mixed mode, emulated-client, tiered, compressed oops, compressed class ptrs, g1 gc, windows-amd64)
GC Precious Log:
 CPUs: 4 total, 4 available
 Memory: 3548M
 Large Page Support: Disabled
 NUMA Support: Disabled
 Compressed Oops: Enabled (32-bit)
 Heap Region Size: 1M
 Heap Min Capacity: 8M
 Heap Initial Capacity: 56M
 Heap Max Capacity: 888M
 Pre-touch: Disabled
 Parallel Workers: 4
 Concurrent Workers: 1
 Concurrent Refinement Workers: 4
 Periodic GC: Disabled
Heap:
 garbage-first heap   total 65536K, used 39119K [0x00000000c8800000, 0x0000000100000000)
  region size 1024K, 20 young (20480K), 3 survivors (3072K)
 Metaspace       used 53736K, committed 54144K, reserved 1097728K
  class space    used 7104K, committed 7296K, reserved 1048576K
GC Heap History (20 events):
Event: 11.657 GC heap before
{Heap before GC invocations=8 (full 0):
 garbage-first heap   total 40960K, used 28141K [0x00000000c8800000, 0x0000000100000000)
  region size 1024K, 18 young (18432K), 1 survivors (1024K)
 Metaspace       used 28612K, committed 28864K, reserved 1081344K
  class space    used 3505K, committed 3648K, reserved 1048576K
}
Event: 11.665 GC heap after
{Heap after GC invocations=9 (full 0):
 garbage-first heap   total 66560K, used 12179K [0x00000000c8800000, 0x0000000100000000)
  region size 1024K, 1 young (1024K), 1 survivors (1024K)
 Metaspace       used 28612K, committed 28864K, reserved 1081344K
  class space    used 3505K, committed 3648K, reserved 1048576K
}
Event: 11.877 GC heap before
{Heap before GC invocations=9 (full 0):
 garbage-first heap   total 66560K, used 50067K [0x00000000c8800000, 0x0000000100000000)
  region size 1024K, 39 young (39936K), 1 survivors (1024K)
 Metaspace       used 29050K, committed 29312K, reserved 1081344K
  class space    used 3553K, committed 3712K, reserved 1048576K
}
Event: 11.880 GC heap after
{Heap after GC invocations=10 (full 0):
 garbage-first heap   total 66560K, used 12596K [0x00000000c8800000, 0x0000000100000000)
  region size 1024K, 2 young (2048K), 2 survivors (2048K)
 Metaspace       used 29050K, committed 29312K, reserved 1081344K
  class space    used 3553K, committed 3712K, reserved 1048576K
}
Event: 13.974 GC heap before
{Heap before GC invocations=10 (full 0):
 garbage-first heap   total 66560K, used 49460K [0x00000000c8800000, 0x0000000100000000)
  region size 1024K, 39 young (39936K), 2 survivors (2048K)
 Metaspace       used 29974K, committed 30208K, reserved 1081344K
  class space    used 3713K, committed 3840K, reserved 1048576K
}
Event: 13.981 GC heap after
{Heap after GC invocations=11 (full 0):
 garbage-first heap   total 66560K, used 14213K [0x00000000c8800000, 0x0000000100000000)
  region size 1024K, 3 young (3072K), 3 survivors (3072K)
 Metaspace       used 29974K, committed 30208K, reserved 1081344K
  class space    used 3713K, committed 3840K, reserved 1048576K
}
Event: 17.930 GC heap before
{Heap before GC invocations=11 (full 0):
 garbage-first heap   total 66560K, used 51077K [0x00000000c8800000, 0x0000000100000000)
  region size 1024K, 39 young (39936K), 3 survivors (3072K)
 Metaspace       used 34590K, committed 34944K, reserved 1081344K
  class space    used 4381K, committed 4544K, reserved 1048576K
}
Event: 17.943 GC heap after
{Heap after GC invocations=12 (full 0):
 garbage-first heap   total 66560K, used 16750K [0x00000000c8800000, 0x0000000100000000)
  region size 1024K, 5 young (5120K), 5 survivors (5120K)
 Metaspace       used 34590K, committed 34944K, reserved 1081344K
  class space    used 4381K, committed 4544K, reserved 1048576K
}
Event: 19.375 GC heap before
{Heap before GC invocations=12 (full 0):
 garbage-first heap   total 66560K, used 23918K [0x00000000c8800000, 0x0000000100000000)
  region size 1024K, 13 young (13312K), 5 survivors (5120K)
 Metaspace       used 35691K, committed 35968K, reserved 1081344K
  class space    used 4576K, committed 4672K, reserved 1048576K
}
Event: 19.414 GC heap after
{Heap after GC invocations=13 (full 0):
 garbage-first heap   total 66560K, used 17827K [0x00000000c8800000, 0x0000000100000000)
  region size 1024K, 4 young (4096K), 4 survivors (4096K)
 Metaspace       used 35691K, committed 35968K, reserved 1081344K
  class space    used 4576K, committed 4672K, reserved 1048576K
}
Event: 22.980 GC heap before
{Heap before GC invocations=14 (full 0):
 garbage-first heap   total 65536K, used 45475K [0x00000000c8800000, 0x0000000100000000)
  region size 1024K, 32 young (32768K), 4 survivors (4096K)
 Metaspace       used 38558K, committed 38912K, reserved 1089536K
  class space    used 4986K, committed 5120K, reserved 1048576K
}
Event: 23.004 GC heap after
{Heap after GC invocations=15 (full 0):
 garbage-first heap   total 65536K, used 19970K [0x00000000c8800000, 0x0000000100000000)
  region size 1024K, 4 young (4096K), 4 survivors (4096K)
 Metaspace       used 38558K, committed 38912K, reserved 1089536K
  class space    used 4986K, committed 5120K, reserved 1048576K
}
Event: 23.036 GC heap before
{Heap before GC invocations=15 (full 0):
 garbage-first heap   total 65536K, used 45570K [0x00000000c8800000, 0x0000000100000000)
  region size 1024K, 30 young (30720K), 4 survivors (4096K)
 Metaspace       used 38558K, committed 38912K, reserved 1089536K
  class space    used 4986K, committed 5120K, reserved 1048576K
}
Event: 23.056 GC heap after
{Heap after GC invocations=16 (full 0):
 garbage-first heap   total 65536K, used 20008K [0x00000000c8800000, 0x0000000100000000)
  region size 1024K, 1 young (1024K), 1 survivors (1024K)
 Metaspace       used 38558K, committed 38912K, reserved 1089536K
  class space    used 4986K, committed 5120K, reserved 1048576K
}
Event: 23.577 GC heap before
{Heap before GC invocations=16 (full 0):
 garbage-first heap   total 65536K, used 47656K [0x00000000c8800000, 0x0000000100000000)
  region size 1024K, 29 young (29696K), 1 survivors (1024K)
 Metaspace       used 39152K, committed 39552K, reserved 1089536K
  class space    used 5037K, committed 5248K, reserved 1048576K
}
Event: 23.581 GC heap after
{Heap after GC invocations=17 (full 0):
 garbage-first heap   total 65536K, used 20456K [0x00000000c8800000, 0x0000000100000000)
  region size 1024K, 1 young (1024K), 1 survivors (1024K)
 Metaspace       used 39152K, committed 39552K, reserved 1089536K
  class space    used 5037K, committed 5248K, reserved 1048576K
}
Event: 25.608 GC heap before
{Heap before GC invocations=17 (full 0):
 garbage-first heap   total 65536K, used 49128K [0x00000000c8800000, 0x0000000100000000)
  region size 1024K, 30 young (30720K), 1 survivors (1024K)
 Metaspace       used 39776K, committed 40128K, reserved 1089536K
  class space    used 5138K, committed 5312K, reserved 1048576K
}
Event: 25.618 GC heap after
{Heap after GC invocations=18 (full 0):
 garbage-first heap   total 65536K, used 20788K [0x00000000c8800000, 0x0000000100000000)
  region size 1024K, 2 young (2048K), 2 survivors (2048K)
 Metaspace       used 39776K, committed 40128K, reserved 1089536K
  class space    used 5138K, committed 5312K, reserved 1048576K
}
Event: 30.103 GC heap before
{Heap before GC invocations=18 (full 0):
 garbage-first heap   total 65536K, used 50484K [0x00000000c8800000, 0x0000000100000000)
  region size 1024K, 31 young (31744K), 2 survivors (2048K)
 Metaspace       used 47334K, committed 47744K, reserved 1097728K
  class space    used 6267K, committed 6464K, reserved 1048576K
}
Event: 30.113 GC heap after
{Heap after GC invocations=19 (full 0):
 garbage-first heap   total 65536K, used 22735K [0x00000000c8800000, 0x0000000100000000)
  region size 1024K, 3 young (3072K), 3 survivors (3072K)
 Metaspace       used 47334K, committed 47744K, reserved 1097728K
  class space    used 6267K, committed 6464K, reserved 1048576K
}

